ERROR: 2024/11/30 02:02:22 logger.go:83: Error response: method not allowed (code: 405)
ERROR: 2024/11/30 02:02:22 logger.go:83: Error response: invalid JSON in request body (code: 400)
ERROR: 2024/11/30 02:02:22 logger.go:83: Error response: only GET and POST methods are allowed (code: 405)
ERROR: 2024/11/30 02:02:22 logger.go:83: Error response: invalid JSON: invalid character 'i' looking for beginning of value (code: 400)
ERROR: 2024/11/30 02:02:43 logger.go:83: Error response: method not allowed (code: 405)
ERROR: 2024/11/30 02:02:43 logger.go:83: Error response: invalid JSON in request body (code: 400)
ERROR: 2024/11/30 02:02:43 logger.go:83: Error response: only GET and POST methods are allowed (code: 405)
ERROR: 2024/11/30 02:02:43 logger.go:83: Error response: invalid JSON: invalid character 'i' looking for beginning of value (code: 400)
ERROR: 2024/11/30 02:04:09 logger.go:83: Error response: method not allowed (code: 405)
ERROR: 2024/11/30 02:04:09 logger.go:83: Error response: invalid JSON in request body (code: 400)
ERROR: 2024/11/30 02:04:09 logger.go:83: Error response: only GET and POST methods are allowed (code: 405)
ERROR: 2024/11/30 02:04:09 logger.go:83: Error response: invalid JSON: invalid character 'i' looking for beginning of value (code: 400)
ERROR: 2024/11/30 02:04:14 logger.go:83: Error response: method not allowed (code: 405)
ERROR: 2024/11/30 02:04:14 logger.go:83: Error response: invalid JSON in request body (code: 400)
ERROR: 2024/11/30 02:04:14 logger.go:83: Error response: only GET and POST methods are allowed (code: 405)
ERROR: 2024/11/30 02:04:14 logger.go:83: Error response: invalid JSON: invalid character 'i' looking for beginning of value (code: 400)
ERROR: 2024/11/30 02:05:59 logger.go:83: Error response: method not allowed (code: 405)
ERROR: 2024/11/30 02:05:59 logger.go:83: Error response: invalid JSON in request body (code: 400)
ERROR: 2024/11/30 02:05:59 logger.go:83: Error response: only GET and POST methods are allowed (code: 405)
ERROR: 2024/11/30 02:05:59 logger.go:83: Error response: invalid JSON: invalid character 'i' looking for beginning of value (code: 400)
ERROR: 2024/11/30 02:06:28 logger.go:83: Error response: method not allowed (code: 405)
ERROR: 2024/11/30 02:06:28 logger.go:83: Error response: invalid JSON in request body (code: 400)
ERROR: 2024/11/30 02:06:28 logger.go:83: Error response: only GET and POST methods are allowed (code: 405)
ERROR: 2024/11/30 02:06:28 logger.go:83: Error response: invalid JSON: invalid character 'i' looking for beginning of value (code: 400)
ERROR: 2024/11/30 02:06:48 logger.go:83: Error response: method not allowed (code: 405)
ERROR: 2024/11/30 02:06:48 logger.go:83: Error response: invalid JSON in request body (code: 400)
ERROR: 2024/11/30 02:06:48 logger.go:83: Error response: only GET and POST methods are allowed (code: 405)
ERROR: 2024/11/30 02:06:48 logger.go:83: Error response: invalid JSON: invalid character 'i' looking for beginning of value (code: 400)
ERROR: 2024/11/30 02:07:17 logger.go:83: Error response: method not allowed (code: 405)
ERROR: 2024/11/30 02:07:17 logger.go:83: Error response: invalid JSON in request body (code: 400)
ERROR: 2024/11/30 02:07:17 logger.go:83: Error response: only GET and POST methods are allowed (code: 405)
ERROR: 2024/11/30 02:07:17 logger.go:83: Error response: invalid JSON: invalid character 'i' looking for beginning of value (code: 400)
ERROR: 2024/11/30 02:11:03 logger.go:83: Error response: method not allowed (code: 405)
ERROR: 2024/11/30 02:11:03 logger.go:83: Error response: invalid JSON in request body (code: 400)
ERROR: 2024/11/30 02:11:03 logger.go:83: Error response: only GET and POST methods are allowed (code: 405)
ERROR: 2024/11/30 02:11:03 logger.go:83: Error response: invalid JSON: invalid character 'i' looking for beginning of value (code: 400)
ERROR: 2024/11/30 02:15:02 logger.go:83: Error response: method not allowed (code: 405)
ERROR: 2024/11/30 02:15:02 logger.go:83: Error response: invalid JSON in request body (code: 400)
ERROR: 2024/11/30 02:15:02 logger.go:83: Error response: only GET and POST methods are allowed (code: 405)
ERROR: 2024/11/30 02:15:02 logger.go:83: Error response: invalid JSON: invalid character 'i' looking for beginning of value (code: 400)
ERROR: 2024/11/30 02:15:26 logger.go:83: Error response: method not allowed (code: 405)
ERROR: 2024/11/30 02:15:26 logger.go:83: Error response: invalid JSON in request body (code: 400)
ERROR: 2024/11/30 02:15:26 logger.go:83: Error response: only GET and POST methods are allowed (code: 405)
ERROR: 2024/11/30 02:15:26 logger.go:83: Error response: invalid JSON: invalid character 'i' looking for beginning of value (code: 400)
ERROR: 2024/11/30 02:17:12 logger.go:83: Error response: method not allowed (code: 405)
ERROR: 2024/11/30 02:17:12 logger.go:83: Error response: invalid JSON in request body (code: 400)
ERROR: 2024/11/30 02:17:12 logger.go:83: Error response: only GET and POST methods are allowed (code: 405)
ERROR: 2024/11/30 02:17:12 logger.go:83: Error response: invalid JSON: invalid character 'i' looking for beginning of value (code: 400)
ERROR: 2024/11/30 02:17:39 logger.go:83: Error response: method not allowed (code: 405)
ERROR: 2024/11/30 02:17:39 logger.go:83: Error response: invalid JSON in request body (code: 400)
ERROR: 2024/11/30 02:17:39 logger.go:83: Error response: only GET and POST methods are allowed (code: 405)
ERROR: 2024/11/30 02:17:39 logger.go:83: Error response: invalid JSON: invalid character 'i' looking for beginning of value (code: 400)
ERROR: 2024/11/30 02:18:20 logger.go:83: Error response: method not allowed (code: 405)
ERROR: 2024/11/30 02:18:20 logger.go:83: Error response: invalid JSON in request body (code: 400)
ERROR: 2024/11/30 02:18:20 logger.go:83: Error response: only GET and POST methods are allowed (code: 405)
ERROR: 2024/11/30 02:18:20 logger.go:83: Error response: invalid JSON: invalid character 'i' looking for beginning of value (code: 400)
ERROR: 2024/11/30 02:18:58 logger.go:83: Error response: method not allowed (code: 405)
ERROR: 2024/11/30 02:18:58 logger.go:83: Error response: invalid JSON in request body (code: 400)
ERROR: 2024/11/30 02:18:58 logger.go:83: Error response: only GET and POST methods are allowed (code: 405)
ERROR: 2024/11/30 02:18:58 logger.go:83: Error response: invalid JSON: invalid character 'i' looking for beginning of value (code: 400)
ERROR: 2024/11/30 02:19:08 logger.go:83: Error response: method not allowed (code: 405)
ERROR: 2024/11/30 02:19:08 logger.go:83: Error response: invalid JSON in request body (code: 400)
ERROR: 2024/11/30 02:19:08 logger.go:83: Error response: only GET and POST methods are allowed (code: 405)
ERROR: 2024/11/30 02:19:08 logger.go:83: Error response: invalid JSON: invalid character 'i' looking for beginning of value (code: 400)
ERROR: 2024/11/30 02:20:13 logger.go:83: Error response: method not allowed (code: 405)
ERROR: 2024/11/30 02:20:13 logger.go:83: Error response: invalid JSON in request body (code: 400)
ERROR: 2024/11/30 02:20:13 logger.go:83: Error response: only GET and POST methods are allowed (code: 405)
ERROR: 2024/11/30 02:20:13 logger.go:83: Error response: invalid JSON: invalid character 'i' looking for beginning of value (code: 400)
ERROR: 2024/11/30 02:20:53 logger.go:83: Error response: method not allowed (code: 405)
ERROR: 2024/11/30 02:20:53 logger.go:83: Error response: invalid JSON in request body (code: 400)
ERROR: 2024/11/30 02:20:53 logger.go:83: Error response: only GET and POST methods are allowed (code: 405)
ERROR: 2024/11/30 02:20:53 logger.go:83: Error response: invalid JSON: invalid character 'i' looking for beginning of value (code: 400)
ERROR: 2024/11/30 02:21:18 logger.go:83: Error response: method not allowed (code: 405)
ERROR: 2024/11/30 02:21:18 logger.go:83: Error response: invalid JSON in request body (code: 400)
ERROR: 2024/11/30 02:21:18 logger.go:83: Error response: only GET and POST methods are allowed (code: 405)
ERROR: 2024/11/30 02:21:18 logger.go:83: Error response: invalid JSON: invalid character 'i' looking for beginning of value (code: 400)
ERROR: 2024/11/30 02:21:55 logger.go:83: Error response: method not allowed (code: 405)
ERROR: 2024/11/30 02:21:55 logger.go:83: Error response: invalid JSON in request body (code: 400)
ERROR: 2024/11/30 02:21:55 logger.go:83: Error response: only GET and POST methods are allowed (code: 405)
ERROR: 2024/11/30 02:21:55 logger.go:83: Error response: invalid JSON: invalid character 'i' looking for beginning of value (code: 400)
ERROR: 2024/11/30 02:27:01 logger.go:83: Error response: method not allowed (code: 405)
ERROR: 2024/11/30 02:27:01 logger.go:83: Error response: invalid JSON in request body (code: 400)
ERROR: 2024/11/30 02:27:01 logger.go:83: Error response: only GET and POST methods are allowed (code: 405)
ERROR: 2024/11/30 02:27:01 logger.go:83: Error response: invalid JSON: invalid character 'i' looking for beginning of value (code: 400)
ERROR: 2024/11/30 02:31:06 logger.go:83: Error response: method not allowed (code: 405)
ERROR: 2024/11/30 02:31:06 logger.go:83: Error response: invalid JSON in request body (code: 400)
ERROR: 2024/11/30 02:31:06 logger.go:83: Error response: only GET and POST methods are allowed (code: 405)
ERROR: 2024/11/30 02:31:06 logger.go:83: Error response: invalid JSON: invalid character 'i' looking for beginning of value (code: 400)
ERROR: 2024/11/30 02:35:27 logger.go:83: Error response: method not allowed (code: 405)
ERROR: 2024/11/30 02:35:27 logger.go:83: Error response: invalid JSON in request body (code: 400)
ERROR: 2024/11/30 02:35:27 logger.go:83: Error response: only GET and POST methods are allowed (code: 405)
ERROR: 2024/11/30 02:35:27 logger.go:83: Error response: invalid JSON: invalid character 'i' looking for beginning of value (code: 400)
ERROR: 2024/11/30 02:58:48 logger.go:83: Error response: method not allowed (code: 405)
ERROR: 2024/11/30 02:58:48 logger.go:83: Error response: invalid JSON in request body (code: 400)
ERROR: 2024/11/30 02:58:48 logger.go:83: Error response: only GET and POST methods are allowed (code: 405)
ERROR: 2024/11/30 02:58:48 logger.go:83: Error response: invalid JSON: invalid character 'i' looking for beginning of value (code: 400)
ERROR: 2024/11/30 03:03:27 logger.go:83: Error response: method not allowed (code: 405)
ERROR: 2024/11/30 03:03:27 logger.go:83: Error response: invalid JSON in request body (code: 400)
ERROR: 2024/11/30 03:03:27 logger.go:83: Error response: only GET and POST methods are allowed (code: 405)
ERROR: 2024/11/30 03:03:27 logger.go:83: Error response: invalid JSON: invalid character 'i' looking for beginning of value (code: 400)
ERROR: 2024/11/30 03:04:13 logger.go:83: Error response: method not allowed (code: 405)
ERROR: 2024/11/30 03:04:13 logger.go:83: Error response: invalid JSON in request body (code: 400)
ERROR: 2024/11/30 03:04:13 logger.go:83: Error response: only GET and POST methods are allowed (code: 405)
ERROR: 2024/11/30 03:04:13 logger.go:83: Error response: invalid JSON: invalid character 'i' looking for beginning of value (code: 400)
ERROR: 2024/11/30 03:04:35 logger.go:83: Error response: method not allowed (code: 405)
ERROR: 2024/11/30 03:04:35 logger.go:83: Error response: invalid JSON in request body (code: 400)
ERROR: 2024/11/30 03:04:35 logger.go:83: Error response: only GET and POST methods are allowed (code: 405)
ERROR: 2024/11/30 03:04:35 logger.go:83: Error response: invalid JSON: invalid character 'i' looking for beginning of value (code: 400)
ERROR: 2024/11/30 03:08:09 logger.go:83: Error response: method not allowed (code: 405)
ERROR: 2024/11/30 03:08:09 logger.go:83: Error response: invalid JSON in request body (code: 400)
ERROR: 2024/11/30 03:08:09 logger.go:83: Error response: only GET and POST methods are allowed (code: 405)
ERROR: 2024/11/30 03:08:09 logger.go:83: Error response: invalid JSON: invalid character 'i' looking for beginning of value (code: 400)
ERROR: 2024/11/30 03:32:09 logger.go:83: Error response: method not allowed (code: 405)
ERROR: 2024/11/30 03:32:09 logger.go:83: Error response: invalid JSON in request body (code: 400)
ERROR: 2024/11/30 03:32:09 logger.go:83: Error response: only GET and POST methods are allowed (code: 405)
ERROR: 2024/11/30 03:32:09 logger.go:83: Error response: invalid JSON: invalid character 'i' looking for beginning of value (code: 400)
ERROR: 2024/11/30 03:33:09 logger.go:83: Error response: method not allowed (code: 405)
ERROR: 2024/11/30 03:33:09 logger.go:83: Error response: invalid JSON in request body (code: 400)
ERROR: 2024/11/30 03:33:09 logger.go:83: Error response: only GET and POST methods are allowed (code: 405)
ERROR: 2024/11/30 03:33:09 logger.go:83: Error response: invalid JSON: invalid character 'i' looking for beginning of value (code: 400)
ERROR: 2024/11/30 03:34:47 logger.go:83: Error response: method not allowed (code: 405)
ERROR: 2024/11/30 03:34:47 logger.go:83: Error response: invalid JSON in request body (code: 400)
ERROR: 2024/11/30 03:34:47 logger.go:83: Error response: only GET and POST methods are allowed (code: 405)
ERROR: 2024/11/30 03:34:47 logger.go:83: Error response: invalid JSON: invalid character 'i' looking for beginning of value (code: 400)
ERROR: 2024/11/30 03:35:16 logger.go:83: Error response: method not allowed (code: 405)
ERROR: 2024/11/30 03:35:16 logger.go:83: Error response: invalid JSON in request body (code: 400)
ERROR: 2024/11/30 03:35:16 logger.go:83: Error response: only GET and POST methods are allowed (code: 405)
ERROR: 2024/11/30 03:35:16 logger.go:83: Error response: invalid JSON: invalid character 'i' looking for beginning of value (code: 400)
ERROR: 2024/11/30 03:40:20 logger.go:83: Error response: method not allowed (code: 405)
ERROR: 2024/11/30 03:40:20 logger.go:83: Error response: invalid JSON in request body (code: 400)
ERROR: 2024/11/30 03:40:20 logger.go:83: Error response: only GET and POST methods are allowed (code: 405)
ERROR: 2024/11/30 03:40:20 logger.go:83: Error response: invalid JSON: invalid character 'i' looking for beginning of value (code: 400)
ERROR: 2024/11/30 03:42:30 logger.go:83: Error response: method not allowed (code: 405)
ERROR: 2024/11/30 03:42:30 logger.go:83: Error response: invalid JSON in request body (code: 400)
ERROR: 2024/11/30 03:42:30 logger.go:83: Error response: only GET and POST methods are allowed (code: 405)
ERROR: 2024/11/30 03:42:30 logger.go:83: Error response: invalid JSON: invalid character 'i' looking for beginning of value (code: 400)
ERROR: 2024/11/30 03:47:09 logger.go:83: Error response: method not allowed (code: 405)
ERROR: 2024/11/30 03:47:09 logger.go:83: Error response: invalid JSON in request body (code: 400)
ERROR: 2024/11/30 03:47:09 logger.go:83: Error response: only GET and POST methods are allowed (code: 405)
ERROR: 2024/11/30 03:47:09 logger.go:83: Error response: invalid JSON: invalid character 'i' looking for beginning of value (code: 400)
ERROR: 2024/11/30 03:49:16 logger.go:83: Error response: method not allowed (code: 405)
ERROR: 2024/11/30 03:49:16 logger.go:83: Error response: invalid JSON in request body (code: 400)
ERROR: 2024/11/30 03:49:16 logger.go:83: Error response: only GET and POST methods are allowed (code: 405)
ERROR: 2024/11/30 03:49:16 logger.go:83: Error response: invalid JSON: invalid character 'i' looking for beginning of value (code: 400)
ERROR: 2024/11/30 03:51:00 logger.go:83: Error response: method not allowed (code: 405)
ERROR: 2024/11/30 03:51:00 logger.go:83: Error response: invalid JSON in request body (code: 400)
ERROR: 2024/11/30 03:51:00 logger.go:83: Error response: only GET and POST methods are allowed (code: 405)
ERROR: 2024/11/30 03:51:00 logger.go:83: Error response: invalid JSON: invalid character 'i' looking for beginning of value (code: 400)
ERROR: 2024/11/30 03:51:13 logger.go:83: Error response: method not allowed (code: 405)
ERROR: 2024/11/30 03:51:13 logger.go:83: Error response: invalid JSON in request body (code: 400)
ERROR: 2024/11/30 03:51:13 logger.go:83: Error response: only GET and POST methods are allowed (code: 405)
ERROR: 2024/11/30 03:51:13 logger.go:83: Error response: invalid JSON: invalid character 'i' looking for beginning of value (code: 400)
ERROR: 2024/11/30 03:51:18 logger.go:83: Error response: method not allowed (code: 405)
ERROR: 2024/11/30 03:51:18 logger.go:83: Error response: invalid JSON in request body (code: 400)
ERROR: 2024/11/30 03:51:18 logger.go:83: Error response: only GET and POST methods are allowed (code: 405)
ERROR: 2024/11/30 03:51:18 logger.go:83: Error response: invalid JSON: invalid character 'i' looking for beginning of value (code: 400)
ERROR: 2024/11/30 04:00:00 logger.go:83: Error response: method not allowed (code: 405)
ERROR: 2024/11/30 04:00:00 logger.go:83: Error response: invalid JSON in request body (code: 400)
ERROR: 2024/11/30 04:00:00 logger.go:83: Error response: only GET and POST methods are allowed (code: 405)
ERROR: 2024/11/30 04:00:00 logger.go:83: Error response: invalid JSON: invalid character 'i' looking for beginning of value (code: 400)
ERROR: 2024/11/30 04:03:05 logger.go:83: Error response: method not allowed (code: 405)
ERROR: 2024/11/30 04:03:05 logger.go:83: Error response: invalid JSON in request body (code: 400)
ERROR: 2024/11/30 04:03:05 logger.go:83: Error response: only GET and POST methods are allowed (code: 405)
ERROR: 2024/11/30 04:03:05 logger.go:83: Error response: invalid JSON: invalid character 'i' looking for beginning of value (code: 400)
ERROR: 2024/11/30 04:10:49 logger.go:83: Error response: method not allowed (code: 405)
ERROR: 2024/11/30 04:10:49 logger.go:83: Error response: invalid JSON in request body (code: 400)
ERROR: 2024/11/30 04:10:49 logger.go:83: Error response: only GET and POST methods are allowed (code: 405)
ERROR: 2024/11/30 04:10:49 logger.go:83: Error response: invalid JSON: invalid character 'i' looking for beginning of value (code: 400)
ERROR: 2024/11/30 04:11:24 logger.go:83: Error response: method not allowed (code: 405)
ERROR: 2024/11/30 04:11:24 logger.go:83: Error response: invalid JSON in request body (code: 400)
ERROR: 2024/11/30 04:11:24 logger.go:83: Error response: only GET and POST methods are allowed (code: 405)
ERROR: 2024/11/30 04:11:24 logger.go:83: Error response: invalid JSON: invalid character 'i' looking for beginning of value (code: 400)
ERROR: 2024/11/30 04:12:09 logger.go:83: Error response: method not allowed (code: 405)
ERROR: 2024/11/30 04:12:09 logger.go:83: Error response: invalid JSON in request body (code: 400)
ERROR: 2024/11/30 04:12:09 logger.go:83: Error response: only GET and POST methods are allowed (code: 405)
ERROR: 2024/11/30 04:12:09 logger.go:83: Error response: invalid JSON: invalid character 'i' looking for beginning of value (code: 400)
ERROR: 2024/11/30 04:12:33 logger.go:83: Error response: method not allowed (code: 405)
ERROR: 2024/11/30 04:12:33 logger.go:83: Error response: invalid JSON in request body (code: 400)
ERROR: 2024/11/30 04:12:33 logger.go:83: Error response: only GET and POST methods are allowed (code: 405)
ERROR: 2024/11/30 04:12:33 logger.go:83: Error response: invalid JSON: invalid character 'i' looking for beginning of value (code: 400)
ERROR: 2024/11/30 04:17:44 logger.go:83: Error response: method not allowed (code: 405)
ERROR: 2024/11/30 04:17:44 logger.go:83: Error response: invalid JSON in request body (code: 400)
ERROR: 2024/11/30 04:17:44 logger.go:83: Error response: invalid request body (code: 400)
ERROR: 2024/11/30 04:17:44 logger.go:83: Error response: only GET and POST methods are allowed (code: 405)
ERROR: 2024/11/30 04:17:44 logger.go:83: Error response: invalid JSON: invalid character 'i' looking for beginning of value (code: 400)
ERROR: 2024/11/30 04:18:32 logger.go:83: Error response: method not allowed (code: 405)
ERROR: 2024/11/30 04:18:32 logger.go:83: Error response: invalid JSON in request body (code: 400)
ERROR: 2024/11/30 04:18:32 logger.go:83: Error response: invalid request body (code: 400)
ERROR: 2024/11/30 04:18:32 logger.go:83: Error response: only GET and POST methods are allowed (code: 405)
ERROR: 2024/11/30 04:18:32 logger.go:83: Error response: invalid JSON: invalid character 'i' looking for beginning of value (code: 400)
ERROR: 2024/11/30 04:18:55 logger.go:83: Error response: method not allowed (code: 405)
ERROR: 2024/11/30 04:18:55 logger.go:83: Error response: invalid JSON in request body (code: 400)
ERROR: 2024/11/30 04:18:55 logger.go:83: Error response: invalid request body (code: 400)
ERROR: 2024/11/30 04:18:55 logger.go:83: Error response: only GET and POST methods are allowed (code: 405)
ERROR: 2024/11/30 04:18:55 logger.go:83: Error response: invalid JSON: invalid character 'i' looking for beginning of value (code: 400)
ERROR: 2024/11/30 04:19:20 logger.go:83: Error response: method not allowed (code: 405)
ERROR: 2024/11/30 04:19:20 logger.go:83: Error response: invalid JSON in request body (code: 400)
ERROR: 2024/11/30 04:19:20 logger.go:83: Error response: invalid request body (code: 400)
ERROR: 2024/11/30 04:19:20 logger.go:83: Error response: only GET and POST methods are allowed (code: 405)
ERROR: 2024/11/30 04:19:20 logger.go:83: Error response: invalid JSON: invalid character 'i' looking for beginning of value (code: 400)
ERROR: 2024/11/30 04:21:22 logger.go:83: Error response: method not allowed (code: 405)
ERROR: 2024/11/30 04:21:22 logger.go:83: Error response: invalid JSON in request body (code: 400)
ERROR: 2024/11/30 04:21:22 logger.go:83: Error response: invalid request body (code: 400)
ERROR: 2024/11/30 04:21:22 logger.go:83: Error response: only GET and POST methods are allowed (code: 405)
ERROR: 2024/11/30 04:21:22 logger.go:83: Error response: invalid JSON: invalid character 'i' looking for beginning of value (code: 400)
ERROR: 2024/11/30 04:25:36 logger.go:83: Error response: method not allowed (code: 405)
ERROR: 2024/11/30 04:25:36 logger.go:83: Error response: invalid JSON in request body (code: 400)
ERROR: 2024/11/30 04:25:36 logger.go:83: Error response: invalid JSON format (code: 400)
ERROR: 2024/11/30 04:25:36 logger.go:83: Error response: only GET and POST methods are allowed (code: 405)
ERROR: 2024/11/30 04:25:36 logger.go:83: Error response: invalid JSON: invalid character 'i' looking for beginning of value (code: 400)
ERROR: 2024/11/30 04:32:10 logger.go:83: Error response: method not allowed (code: 405)
ERROR: 2024/11/30 04:32:10 logger.go:83: Error response: invalid JSON in request body (code: 400)
ERROR: 2024/11/30 04:32:10 logger.go:83: Error response: only GET and POST methods are allowed (code: 405)
ERROR: 2024/11/30 04:32:10 logger.go:83: Error response: invalid JSON: invalid character 'i' looking for beginning of value (code: 400)
ERROR: 2024/11/30 04:43:29 logger.go:83: Error response: method not allowed (code: 405)
ERROR: 2024/11/30 04:43:29 logger.go:83: Error response: invalid JSON in request body (code: 400)
ERROR: 2024/11/30 04:43:29 logger.go:83: Error response: failed to parse request body: EOF (code: 400)
ERROR: 2024/11/30 04:43:29 logger.go:83: Error response: only GET and POST methods are allowed (code: 405)
ERROR: 2024/11/30 04:43:29 logger.go:83: Error response: invalid JSON: invalid character 'i' looking for beginning of value (code: 400)
ERROR: 2024/11/30 04:43:29 logger.go:83: Error response: no supported query type found (code: 400)
ERROR: 2024/11/30 04:43:29 logger.go:83: Error response: empty query object (code: 400)
ERROR: 2024/11/30 04:43:29 logger.go:83: Error response: 'query' must be an object (code: 400)
ERROR: 2024/11/30 04:43:29 logger.go:83: Error response: failed to parse request body: EOF (code: 400)
ERROR: 2024/11/30 04:43:29 logger.go:83: Error response: failed to parse request body: EOF (code: 400)
ERROR: 2024/11/30 04:43:29 logger.go:83: Error response: failed to parse request body: EOF (code: 400)
ERROR: 2024/11/30 04:43:29 logger.go:83: Error response: failed to parse request body: EOF (code: 400)
ERROR: 2024/11/30 04:47:40 logger.go:83: Error response: method not allowed (code: 405)
ERROR: 2024/11/30 04:47:40 logger.go:83: Error response: invalid JSON in request body (code: 400)
ERROR: 2024/11/30 04:47:40 logger.go:83: Error response: failed to parse request body: EOF (code: 400)
ERROR: 2024/11/30 04:47:40 logger.go:83: Error response: only GET and POST methods are allowed (code: 405)
ERROR: 2024/11/30 04:47:40 logger.go:83: Error response: invalid JSON: invalid character 'i' looking for beginning of value (code: 400)
ERROR: 2024/11/30 04:47:40 logger.go:83: Error response: unsupported query type: unknown_type (code: 400)
ERROR: 2024/11/30 04:47:40 logger.go:83: Error response: empty query object (code: 400)
ERROR: 2024/11/30 04:47:40 logger.go:83: Error response: 'query' must be an object (code: 400)
ERROR: 2024/11/30 04:47:40 logger.go:83: Error response: failed to parse request body: EOF (code: 400)
ERROR: 2024/11/30 04:47:40 logger.go:83: Error response: failed to parse request body: EOF (code: 400)
ERROR: 2024/11/30 04:47:40 logger.go:83: Error response: failed to parse request body: EOF (code: 400)
ERROR: 2024/11/30 04:47:40 logger.go:83: Error response: failed to parse request body: EOF (code: 400)
ERROR: 2024/11/30 04:49:14 logger.go:83: Error response: method not allowed (code: 405)
ERROR: 2024/11/30 04:49:14 logger.go:83: Error response: invalid JSON in request body (code: 400)
ERROR: 2024/11/30 04:49:14 logger.go:83: Error response: failed to parse request body: EOF (code: 400)
ERROR: 2024/11/30 04:49:14 logger.go:83: Error response: failed to parse request body: EOF (code: 400)
ERROR: 2024/11/30 04:49:14 logger.go:83: Error response: invalid JSON: invalid character 'i' looking for beginning of value (code: 500)
ERROR: 2024/11/30 04:49:14 logger.go:83: Error response: unsupported query type: unknown_type (code: 500)
ERROR: 2024/11/30 04:49:14 logger.go:83: Error response: empty query object (code: 500)
ERROR: 2024/11/30 04:49:14 logger.go:83: Error response: 'query' must be an object (code: 500)
ERROR: 2024/11/30 04:49:14 logger.go:83: Error response: failed to parse request body: EOF (code: 400)
ERROR: 2024/11/30 04:49:14 logger.go:83: Error response: failed to parse request body: EOF (code: 400)
ERROR: 2024/11/30 04:49:14 logger.go:83: Error response: failed to parse request body: EOF (code: 400)
ERROR: 2024/11/30 04:49:14 logger.go:83: Error response: failed to parse request body: EOF (code: 400)
ERROR: 2024/11/30 04:49:43 logger.go:83: Error response: method not allowed (code: 405)
ERROR: 2024/11/30 04:49:43 logger.go:83: Error response: invalid JSON in request body (code: 400)
ERROR: 2024/11/30 04:49:43 logger.go:83: Error response: failed to parse request body: EOF (code: 400)
ERROR: 2024/11/30 04:49:43 logger.go:83: Error response: only GET and POST methods are allowed (code: 405)
ERROR: 2024/11/30 04:49:43 logger.go:83: Error response: invalid JSON: invalid character 'i' looking for beginning of value (code: 500)
ERROR: 2024/11/30 04:49:43 logger.go:83: Error response: unsupported query type: unknown_type (code: 500)
ERROR: 2024/11/30 04:49:43 logger.go:83: Error response: empty query object (code: 500)
ERROR: 2024/11/30 04:49:43 logger.go:83: Error response: 'query' must be an object (code: 500)
ERROR: 2024/11/30 04:49:43 logger.go:83: Error response: failed to parse request body: EOF (code: 400)
ERROR: 2024/11/30 04:49:43 logger.go:83: Error response: failed to parse request body: EOF (code: 400)
ERROR: 2024/11/30 04:49:43 logger.go:83: Error response: failed to parse request body: EOF (code: 400)
ERROR: 2024/11/30 04:49:43 logger.go:83: Error response: failed to parse request body: EOF (code: 400)
ERROR: 2024/11/30 04:50:06 logger.go:83: Error response: method not allowed (code: 405)
ERROR: 2024/11/30 04:50:06 logger.go:83: Error response: invalid JSON in request body (code: 400)
ERROR: 2024/11/30 04:50:06 logger.go:83: Error response: failed to parse request body: EOF (code: 400)
ERROR: 2024/11/30 04:50:06 logger.go:83: Error response: only GET and POST methods are allowed (code: 405)
ERROR: 2024/11/30 04:50:06 logger.go:83: Error response: invalid JSON: invalid character 'i' looking for beginning of value (code: 500)
ERROR: 2024/11/30 04:50:06 logger.go:83: Error response: unsupported query type: unknown_type (code: 500)
ERROR: 2024/11/30 04:50:06 logger.go:83: Error response: empty query object (code: 500)
ERROR: 2024/11/30 04:50:06 logger.go:83: Error response: 'query' must be an object (code: 500)
ERROR: 2024/11/30 04:50:06 logger.go:83: Error response: failed to parse request body: EOF (code: 400)
ERROR: 2024/11/30 04:50:06 logger.go:83: Error response: failed to parse request body: EOF (code: 400)
ERROR: 2024/11/30 04:50:06 logger.go:83: Error response: failed to parse request body: EOF (code: 400)
ERROR: 2024/11/30 04:50:06 logger.go:83: Error response: failed to parse request body: EOF (code: 400)
ERROR: 2024/11/30 04:53:45 logger.go:83: Error response: method not allowed (code: 405)
ERROR: 2024/11/30 04:53:45 logger.go:83: Error response: invalid JSON in request body (code: 400)
ERROR: 2024/11/30 04:53:45 logger.go:83: Error response: failed to parse request body: EOF (code: 400)
ERROR: 2024/11/30 04:53:45 logger.go:83: Error response: only GET and POST methods are allowed (code: 405)
ERROR: 2024/11/30 04:53:45 logger.go:83: Error response: invalid JSON: invalid character 'i' looking for beginning of value (code: 400)
ERROR: 2024/11/30 04:53:45 logger.go:83: Error response: unsupported query type: unknown_type (code: 400)
ERROR: 2024/11/30 04:53:45 logger.go:83: Error response: empty query object (code: 400)
ERROR: 2024/11/30 04:53:45 logger.go:83: Error response: 'query' must be an object (code: 400)
ERROR: 2024/11/30 04:53:45 logger.go:83: Error response: failed to parse request body: EOF (code: 400)
ERROR: 2024/11/30 04:53:45 logger.go:83: Error response: failed to parse request body: EOF (code: 400)
ERROR: 2024/11/30 04:53:45 logger.go:83: Error response: failed to parse request body: EOF (code: 400)
ERROR: 2024/11/30 04:53:45 logger.go:83: Error response: failed to parse request body: EOF (code: 400)
ERROR: 2024/11/30 05:09:17 logger.go:83: Error response: method not allowed (code: 405)
ERROR: 2024/11/30 05:09:17 logger.go:83: Error response: invalid JSON in request body (code: 400)
ERROR: 2024/11/30 05:09:17 logger.go:83: Error response: failed to parse request body: EOF (code: 400)
ERROR: 2024/11/30 05:09:17 logger.go:83: Error response: only GET and POST methods are allowed (code: 405)
ERROR: 2024/11/30 05:09:17 logger.go:83: Error response: invalid JSON: invalid character 'i' looking for beginning of value (code: 400)
ERROR: 2024/11/30 05:09:17 logger.go:83: Error response: unsupported query type: unknown_type (code: 400)
ERROR: 2024/11/30 05:09:17 logger.go:83: Error response: empty query object (code: 400)
ERROR: 2024/11/30 05:09:17 logger.go:83: Error response: 'query' must be an object (code: 400)
ERROR: 2024/11/30 05:09:17 logger.go:83: Error response: failed to parse request body: EOF (code: 400)
ERROR: 2024/11/30 05:09:17 logger.go:83: Error response: failed to parse request body: EOF (code: 400)
ERROR: 2024/11/30 05:09:17 logger.go:83: Error response: failed to parse request body: EOF (code: 400)
ERROR: 2024/11/30 05:09:17 logger.go:83: Error response: failed to parse request body: EOF (code: 400)
ERROR: 2024/11/30 05:09:58 logger.go:83: Error response: method not allowed (code: 405)
ERROR: 2024/11/30 05:09:58 logger.go:83: Error response: invalid JSON in request body (code: 400)
ERROR: 2024/11/30 05:09:58 logger.go:83: Error response: failed to parse request body: EOF (code: 400)
ERROR: 2024/11/30 05:09:58 logger.go:83: Error response: only GET and POST methods are allowed (code: 405)
ERROR: 2024/11/30 05:09:58 logger.go:83: Error response: invalid JSON: invalid character 'i' looking for beginning of value (code: 400)
ERROR: 2024/11/30 05:09:58 logger.go:83: Error response: unsupported query type: unknown_type (code: 400)
ERROR: 2024/11/30 05:09:58 logger.go:83: Error response: empty query object (code: 400)
ERROR: 2024/11/30 05:09:58 logger.go:83: Error response: 'query' must be an object (code: 400)
ERROR: 2024/11/30 05:09:58 logger.go:83: Error response: failed to parse request body: EOF (code: 400)
ERROR: 2024/11/30 05:09:58 logger.go:83: Error response: failed to parse request body: EOF (code: 400)
ERROR: 2024/11/30 05:09:58 logger.go:83: Error response: failed to parse request body: EOF (code: 400)
ERROR: 2024/11/30 05:09:58 logger.go:83: Error response: failed to parse request body: EOF (code: 400)
ERROR: 2024/11/30 05:11:24 logger.go:83: Error response: method not allowed (code: 405)
ERROR: 2024/11/30 05:11:24 logger.go:83: Error response: invalid JSON in request body (code: 400)
ERROR: 2024/11/30 05:11:24 logger.go:83: Error response: failed to parse request body: EOF (code: 400)
ERROR: 2024/11/30 05:11:24 logger.go:83: Error response: only GET and POST methods are allowed (code: 405)
ERROR: 2024/11/30 05:11:24 logger.go:83: Error response: invalid JSON: invalid character 'i' looking for beginning of value (code: 400)
ERROR: 2024/11/30 05:11:24 logger.go:83: Error response: unsupported query type: unknown_type (code: 400)
ERROR: 2024/11/30 05:11:24 logger.go:83: Error response: empty query object (code: 400)
ERROR: 2024/11/30 05:11:24 logger.go:83: Error response: 'query' must be an object (code: 400)
ERROR: 2024/11/30 05:11:24 logger.go:83: Error response: failed to parse request body: EOF (code: 400)
ERROR: 2024/11/30 05:11:24 logger.go:83: Error response: failed to parse request body: EOF (code: 400)
ERROR: 2024/11/30 05:11:24 logger.go:83: Error response: failed to parse request body: EOF (code: 400)
ERROR: 2024/11/30 05:11:24 logger.go:83: Error response: failed to parse request body: EOF (code: 400)
ERROR: 2024/11/30 05:14:18 logger.go:83: Error response: method not allowed (code: 405)
ERROR: 2024/11/30 05:14:18 logger.go:83: Error response: invalid JSON in request body (code: 400)
ERROR: 2024/11/30 05:14:18 logger.go:83: Error response: failed to parse request body: EOF (code: 400)
ERROR: 2024/11/30 05:14:18 logger.go:83: Error response: only GET and POST methods are allowed (code: 405)
ERROR: 2024/11/30 05:14:18 logger.go:83: Error response: invalid JSON: invalid character 'i' looking for beginning of value (code: 400)
ERROR: 2024/11/30 05:14:18 logger.go:83: Error response: unsupported query type: unknown_type (code: 400)
ERROR: 2024/11/30 05:14:18 logger.go:83: Error response: empty query object (code: 400)
ERROR: 2024/11/30 05:14:18 logger.go:83: Error response: 'query' must be an object (code: 400)
ERROR: 2024/11/30 05:14:18 logger.go:83: Error response: failed to parse request body: EOF (code: 400)
ERROR: 2024/11/30 05:14:18 logger.go:83: Error response: failed to parse request body: EOF (code: 400)
ERROR: 2024/11/30 05:14:18 logger.go:83: Error response: failed to parse request body: EOF (code: 400)
ERROR: 2024/11/30 05:14:18 logger.go:83: Error response: failed to parse request body: EOF (code: 400)
ERROR: 2024/11/30 05:14:38 logger.go:83: Error response: method not allowed (code: 405)
ERROR: 2024/11/30 05:14:38 logger.go:83: Error response: invalid JSON in request body (code: 400)
ERROR: 2024/11/30 05:14:38 logger.go:83: Error response: failed to parse request body: EOF (code: 400)
ERROR: 2024/11/30 05:14:38 logger.go:83: Error response: only GET and POST methods are allowed (code: 405)
ERROR: 2024/11/30 05:14:38 logger.go:83: Error response: invalid JSON: invalid character 'i' looking for beginning of value (code: 400)
ERROR: 2024/11/30 05:14:38 logger.go:83: Error response: unsupported query type: unknown_type (code: 400)
ERROR: 2024/11/30 05:14:38 logger.go:83: Error response: empty query object (code: 400)
ERROR: 2024/11/30 05:14:38 logger.go:83: Error response: 'query' must be an object (code: 400)
ERROR: 2024/11/30 05:14:38 logger.go:83: Error response: failed to parse request body: EOF (code: 400)
ERROR: 2024/11/30 05:14:38 logger.go:83: Error response: failed to parse request body: EOF (code: 400)
ERROR: 2024/11/30 05:14:38 logger.go:83: Error response: failed to parse request body: EOF (code: 400)
ERROR: 2024/11/30 05:14:38 logger.go:83: Error response: failed to parse request body: EOF (code: 400)
ERROR: 2024/11/30 05:14:54 logger.go:83: Error response: method not allowed (code: 405)
ERROR: 2024/11/30 05:14:54 logger.go:83: Error response: invalid JSON in request body (code: 400)
ERROR: 2024/11/30 05:14:54 logger.go:83: Error response: failed to parse request body: EOF (code: 400)
ERROR: 2024/11/30 05:14:54 logger.go:83: Error response: only GET and POST methods are allowed (code: 405)
ERROR: 2024/11/30 05:14:54 logger.go:83: Error response: invalid JSON: invalid character 'i' looking for beginning of value (code: 400)
ERROR: 2024/11/30 05:14:54 logger.go:83: Error response: unsupported query type: unknown_type (code: 400)
ERROR: 2024/11/30 05:14:54 logger.go:83: Error response: empty query object (code: 400)
ERROR: 2024/11/30 05:14:54 logger.go:83: Error response: 'query' must be an object (code: 400)
ERROR: 2024/11/30 05:14:54 logger.go:83: Error response: failed to parse request body: EOF (code: 400)
ERROR: 2024/11/30 05:14:54 logger.go:83: Error response: failed to parse request body: EOF (code: 400)
ERROR: 2024/11/30 05:14:54 logger.go:83: Error response: failed to parse request body: EOF (code: 400)
ERROR: 2024/11/30 05:14:54 logger.go:83: Error response: failed to parse request body: EOF (code: 400)
ERROR: 2024/11/30 05:15:15 logger.go:83: Error response: method not allowed (code: 405)
ERROR: 2024/11/30 05:15:15 logger.go:83: Error response: invalid JSON in request body (code: 400)
ERROR: 2024/11/30 05:15:15 logger.go:83: Error response: failed to parse request body: EOF (code: 400)
ERROR: 2024/11/30 05:15:15 logger.go:83: Error response: only GET and POST methods are allowed (code: 405)
ERROR: 2024/11/30 05:15:15 logger.go:83: Error response: invalid JSON: invalid character 'i' looking for beginning of value (code: 400)
ERROR: 2024/11/30 05:15:15 logger.go:83: Error response: unsupported query type: unknown_type (code: 400)
ERROR: 2024/11/30 05:15:15 logger.go:83: Error response: empty query object (code: 400)
ERROR: 2024/11/30 05:15:15 logger.go:83: Error response: 'query' must be an object (code: 400)
ERROR: 2024/11/30 05:15:15 logger.go:83: Error response: failed to parse request body: EOF (code: 400)
ERROR: 2024/11/30 05:15:15 logger.go:83: Error response: failed to parse request body: EOF (code: 400)
ERROR: 2024/11/30 05:15:15 logger.go:83: Error response: failed to parse request body: EOF (code: 400)
ERROR: 2024/11/30 05:15:15 logger.go:83: Error response: failed to parse request body: EOF (code: 400)
ERROR: 2024/11/30 05:15:32 logger.go:83: Error response: method not allowed (code: 405)
ERROR: 2024/11/30 05:15:32 logger.go:83: Error response: invalid JSON in request body (code: 400)
ERROR: 2024/11/30 05:15:32 logger.go:83: Error response: failed to parse request body: EOF (code: 400)
ERROR: 2024/11/30 05:15:32 logger.go:83: Error response: only GET and POST methods are allowed (code: 405)
ERROR: 2024/11/30 05:15:32 logger.go:83: Error response: invalid JSON: invalid character 'i' looking for beginning of value (code: 400)
ERROR: 2024/11/30 05:15:32 logger.go:83: Error response: unsupported query type: unknown_type (code: 400)
ERROR: 2024/11/30 05:15:32 logger.go:83: Error response: empty query object (code: 400)
ERROR: 2024/11/30 05:15:32 logger.go:83: Error response: 'query' must be an object (code: 400)
ERROR: 2024/11/30 05:15:32 logger.go:83: Error response: failed to parse request body: EOF (code: 400)
ERROR: 2024/11/30 05:15:32 logger.go:83: Error response: failed to parse request body: EOF (code: 400)
ERROR: 2024/11/30 05:15:32 logger.go:83: Error response: failed to parse request body: EOF (code: 400)
ERROR: 2024/11/30 05:15:32 logger.go:83: Error response: failed to parse request body: EOF (code: 400)
ERROR: 2024/11/30 05:15:51 logger.go:83: Error response: method not allowed (code: 405)
ERROR: 2024/11/30 05:15:51 logger.go:83: Error response: invalid JSON in request body (code: 400)
ERROR: 2024/11/30 05:15:51 logger.go:83: Error response: failed to parse request body: EOF (code: 400)
ERROR: 2024/11/30 05:15:51 logger.go:83: Error response: only GET and POST methods are allowed (code: 405)
ERROR: 2024/11/30 05:15:51 logger.go:83: Error response: invalid JSON: invalid character 'i' looking for beginning of value (code: 400)
ERROR: 2024/11/30 05:15:51 logger.go:83: Error response: unsupported query type: unknown_type (code: 400)
ERROR: 2024/11/30 05:15:51 logger.go:83: Error response: empty query object (code: 400)
ERROR: 2024/11/30 05:15:51 logger.go:83: Error response: 'query' must be an object (code: 400)
ERROR: 2024/11/30 05:15:51 logger.go:83: Error response: failed to parse request body: EOF (code: 400)
ERROR: 2024/11/30 05:15:51 logger.go:83: Error response: failed to parse request body: EOF (code: 400)
ERROR: 2024/11/30 05:15:51 logger.go:83: Error response: failed to parse request body: EOF (code: 400)
ERROR: 2024/11/30 05:15:51 logger.go:83: Error response: failed to parse request body: EOF (code: 400)
ERROR: 2024/11/30 05:17:57 logger.go:83: Error response: method not allowed (code: 405)
ERROR: 2024/11/30 05:17:57 logger.go:83: Error response: invalid JSON in request body (code: 400)
ERROR: 2024/11/30 05:17:57 logger.go:83: Error response: failed to parse request body: EOF (code: 400)
ERROR: 2024/11/30 05:17:57 logger.go:83: Error response: only GET and POST methods are allowed (code: 405)
ERROR: 2024/11/30 05:17:57 logger.go:83: Error response: invalid JSON: invalid character 'i' looking for beginning of value (code: 400)
ERROR: 2024/11/30 05:17:57 logger.go:83: Error response: unsupported query type: unknown_type (code: 400)
ERROR: 2024/11/30 05:17:57 logger.go:83: Error response: empty query object (code: 400)
ERROR: 2024/11/30 05:17:57 logger.go:83: Error response: 'query' must be an object (code: 400)
ERROR: 2024/11/30 05:17:57 logger.go:83: Error response: failed to parse request body: EOF (code: 400)
ERROR: 2024/11/30 05:17:57 logger.go:83: Error response: failed to parse request body: EOF (code: 400)
ERROR: 2024/11/30 05:17:57 logger.go:83: Error response: failed to parse request body: EOF (code: 400)
ERROR: 2024/11/30 05:17:57 logger.go:83: Error response: failed to parse request body: EOF (code: 400)
ERROR: 2024/11/30 05:18:13 logger.go:83: Error response: method not allowed (code: 405)
ERROR: 2024/11/30 05:18:13 logger.go:83: Error response: invalid JSON in request body (code: 400)
ERROR: 2024/11/30 05:18:13 logger.go:83: Error response: failed to parse request body: EOF (code: 400)
ERROR: 2024/11/30 05:18:13 logger.go:83: Error response: only GET and POST methods are allowed (code: 405)
ERROR: 2024/11/30 05:18:13 logger.go:83: Error response: invalid JSON: invalid character 'i' looking for beginning of value (code: 400)
ERROR: 2024/11/30 05:18:13 logger.go:83: Error response: unsupported query type: unknown_type (code: 400)
ERROR: 2024/11/30 05:18:13 logger.go:83: Error response: empty query object (code: 400)
ERROR: 2024/11/30 05:18:13 logger.go:83: Error response: 'query' must be an object (code: 400)
ERROR: 2024/11/30 05:18:13 logger.go:83: Error response: failed to parse request body: EOF (code: 400)
ERROR: 2024/11/30 05:18:13 logger.go:83: Error response: failed to parse request body: EOF (code: 400)
ERROR: 2024/11/30 05:18:13 logger.go:83: Error response: failed to parse request body: EOF (code: 400)
ERROR: 2024/11/30 05:18:13 logger.go:83: Error response: failed to parse request body: EOF (code: 400)
ERROR: 2024/11/30 05:23:15 logger.go:83: Error response: method not allowed (code: 405)
ERROR: 2024/11/30 05:23:15 logger.go:83: Error response: invalid JSON in request body (code: 400)
ERROR: 2024/11/30 05:23:15 logger.go:83: Error response: failed to parse request body: EOF (code: 400)
ERROR: 2024/11/30 05:23:15 logger.go:83: Error response: only GET and POST methods are allowed (code: 405)
ERROR: 2024/11/30 05:23:15 logger.go:83: Error response: invalid JSON: invalid character 'i' looking for beginning of value (code: 400)
ERROR: 2024/11/30 05:23:15 logger.go:83: Error response: unsupported query type: unknown_type (code: 400)
ERROR: 2024/11/30 05:23:15 logger.go:83: Error response: empty query object (code: 400)
ERROR: 2024/11/30 05:23:15 logger.go:83: Error response: 'query' must be an object (code: 400)
ERROR: 2024/11/30 05:23:15 logger.go:83: Error response: failed to parse request body: EOF (code: 400)
ERROR: 2024/11/30 05:23:15 logger.go:83: Error response: failed to parse request body: EOF (code: 400)
ERROR: 2024/11/30 05:23:15 logger.go:83: Error response: failed to parse request body: EOF (code: 400)
ERROR: 2024/11/30 05:23:15 logger.go:83: Error response: failed to parse request body: EOF (code: 400)
ERROR: 2024/11/30 05:23:57 logger.go:83: Error response: method not allowed (code: 405)
ERROR: 2024/11/30 05:23:57 logger.go:83: Error response: invalid JSON in request body (code: 400)
ERROR: 2024/11/30 05:23:57 logger.go:83: Error response: failed to parse request body: EOF (code: 400)
ERROR: 2024/11/30 05:23:57 logger.go:83: Error response: only GET and POST methods are allowed (code: 405)
ERROR: 2024/11/30 05:23:57 logger.go:83: Error response: invalid JSON: invalid character 'i' looking for beginning of value (code: 400)
ERROR: 2024/11/30 05:23:57 logger.go:83: Error response: unsupported query type: unknown_type (code: 400)
ERROR: 2024/11/30 05:23:57 logger.go:83: Error response: empty query object (code: 400)
ERROR: 2024/11/30 05:23:57 logger.go:83: Error response: 'query' must be an object (code: 400)
ERROR: 2024/11/30 05:23:57 logger.go:83: Error response: failed to parse request body: EOF (code: 400)
ERROR: 2024/11/30 05:23:57 logger.go:83: Error response: failed to parse request body: EOF (code: 400)
ERROR: 2024/11/30 05:23:57 logger.go:83: Error response: failed to parse request body: EOF (code: 400)
ERROR: 2024/11/30 05:23:57 logger.go:83: Error response: failed to parse request body: EOF (code: 400)
ERROR: 2024/11/30 05:27:50 logger.go:83: Error response: method not allowed (code: 405)
ERROR: 2024/11/30 05:27:50 logger.go:83: Error response: invalid JSON in request body (code: 400)
ERROR: 2024/11/30 05:27:50 logger.go:83: Error response: failed to parse request body: EOF (code: 400)
ERROR: 2024/11/30 05:27:50 logger.go:83: Error response: only GET and POST methods are allowed (code: 405)
ERROR: 2024/11/30 05:27:50 logger.go:83: Error response: invalid JSON: invalid character 'i' looking for beginning of value (code: 400)
ERROR: 2024/11/30 05:27:50 logger.go:83: Error response: unsupported query type: unknown_type (code: 400)
ERROR: 2024/11/30 05:27:50 logger.go:83: Error response: empty query object (code: 400)
ERROR: 2024/11/30 05:27:50 logger.go:83: Error response: 'query' must be an object (code: 400)
ERROR: 2024/11/30 05:27:50 logger.go:83: Error response: failed to parse request body: EOF (code: 400)
ERROR: 2024/11/30 05:27:50 logger.go:83: Error response: failed to parse request body: EOF (code: 400)
ERROR: 2024/11/30 05:27:50 logger.go:83: Error response: failed to parse request body: EOF (code: 400)
ERROR: 2024/11/30 05:27:50 logger.go:83: Error response: failed to parse request body: EOF (code: 400)
ERROR: 2024/11/30 05:28:48 logger.go:83: Error response: method not allowed (code: 405)
ERROR: 2024/11/30 05:28:48 logger.go:83: Error response: invalid JSON in request body (code: 400)
ERROR: 2024/11/30 05:28:48 logger.go:83: Error response: failed to parse request body: EOF (code: 400)
ERROR: 2024/11/30 05:28:48 logger.go:83: Error response: only GET and POST methods are allowed (code: 405)
ERROR: 2024/11/30 05:28:48 logger.go:83: Error response: invalid JSON: invalid character 'i' looking for beginning of value (code: 400)
ERROR: 2024/11/30 05:28:48 logger.go:83: Error response: unsupported query type: unknown_type (code: 400)
ERROR: 2024/11/30 05:28:48 logger.go:83: Error response: empty query object (code: 400)
ERROR: 2024/11/30 05:28:48 logger.go:83: Error response: 'query' must be an object (code: 400)
ERROR: 2024/11/30 05:28:48 logger.go:83: Error response: failed to parse request body: EOF (code: 400)
ERROR: 2024/11/30 05:28:48 logger.go:83: Error response: failed to parse request body: EOF (code: 400)
ERROR: 2024/11/30 05:28:48 logger.go:83: Error response: failed to parse request body: EOF (code: 400)
ERROR: 2024/11/30 05:28:48 logger.go:83: Error response: failed to parse request body: EOF (code: 400)
ERROR: 2024/11/30 05:30:15 logger.go:83: Error response: method not allowed (code: 405)
ERROR: 2024/11/30 05:30:15 logger.go:83: Error response: invalid JSON in request body (code: 400)
ERROR: 2024/11/30 05:30:15 logger.go:83: Error response: failed to parse request body: EOF (code: 400)
ERROR: 2024/11/30 05:30:15 logger.go:83: Error response: only GET and POST methods are allowed (code: 405)
ERROR: 2024/11/30 05:30:15 logger.go:83: Error response: invalid JSON: invalid character 'i' looking for beginning of value (code: 400)
ERROR: 2024/11/30 05:30:15 logger.go:83: Error response: unsupported query type: unknown_type (code: 400)
ERROR: 2024/11/30 05:30:15 logger.go:83: Error response: empty query object (code: 400)
ERROR: 2024/11/30 05:30:15 logger.go:83: Error response: 'query' must be an object (code: 400)
ERROR: 2024/11/30 05:30:15 logger.go:83: Error response: failed to parse request body: EOF (code: 400)
ERROR: 2024/11/30 05:30:15 logger.go:83: Error response: failed to parse request body: EOF (code: 400)
ERROR: 2024/11/30 05:30:15 logger.go:83: Error response: failed to parse request body: EOF (code: 400)
ERROR: 2024/11/30 05:30:15 logger.go:83: Error response: failed to parse request body: EOF (code: 400)
ERROR: 2024/11/30 05:30:33 logger.go:83: Error response: method not allowed (code: 405)
ERROR: 2024/11/30 05:30:33 logger.go:83: Error response: invalid JSON in request body (code: 400)
ERROR: 2024/11/30 05:30:33 logger.go:83: Error response: failed to parse request body: EOF (code: 400)
ERROR: 2024/11/30 05:30:33 logger.go:83: Error response: only GET and POST methods are allowed (code: 405)
ERROR: 2024/11/30 05:30:33 logger.go:83: Error response: invalid JSON: invalid character 'i' looking for beginning of value (code: 400)
ERROR: 2024/11/30 05:30:33 logger.go:83: Error response: unsupported query type: unknown_type (code: 400)
ERROR: 2024/11/30 05:30:33 logger.go:83: Error response: empty query object (code: 400)
ERROR: 2024/11/30 05:30:33 logger.go:83: Error response: 'query' must be an object (code: 400)
ERROR: 2024/11/30 05:30:33 logger.go:83: Error response: failed to parse request body: EOF (code: 400)
ERROR: 2024/11/30 05:30:33 logger.go:83: Error response: failed to parse request body: EOF (code: 400)
ERROR: 2024/11/30 05:30:33 logger.go:83: Error response: failed to parse request body: EOF (code: 400)
ERROR: 2024/11/30 05:30:33 logger.go:83: Error response: failed to parse request body: EOF (code: 400)
ERROR: 2024/11/30 05:30:50 logger.go:83: Error response: method not allowed (code: 405)
ERROR: 2024/11/30 05:30:50 logger.go:83: Error response: invalid JSON in request body (code: 400)
ERROR: 2024/11/30 05:30:50 logger.go:83: Error response: failed to parse request body: EOF (code: 400)
ERROR: 2024/11/30 05:30:50 logger.go:83: Error response: only GET and POST methods are allowed (code: 405)
ERROR: 2024/11/30 05:30:50 logger.go:83: Error response: invalid JSON: invalid character 'i' looking for beginning of value (code: 400)
ERROR: 2024/11/30 05:30:50 logger.go:83: Error response: unsupported query type: unknown_type (code: 400)
ERROR: 2024/11/30 05:30:50 logger.go:83: Error response: empty query object (code: 400)
ERROR: 2024/11/30 05:30:50 logger.go:83: Error response: 'query' must be an object (code: 400)
ERROR: 2024/11/30 05:30:50 logger.go:83: Error response: failed to parse request body: EOF (code: 400)
ERROR: 2024/11/30 05:30:50 logger.go:83: Error response: failed to parse request body: EOF (code: 400)
ERROR: 2024/11/30 05:30:50 logger.go:83: Error response: failed to parse request body: EOF (code: 400)
ERROR: 2024/11/30 05:30:50 logger.go:83: Error response: failed to parse request body: EOF (code: 400)
ERROR: 2024/11/30 05:31:09 logger.go:83: Error response: method not allowed (code: 405)
ERROR: 2024/11/30 05:31:09 logger.go:83: Error response: invalid JSON in request body (code: 400)
ERROR: 2024/11/30 05:31:09 logger.go:83: Error response: failed to parse request body: EOF (code: 400)
ERROR: 2024/11/30 05:31:09 logger.go:83: Error response: only GET and POST methods are allowed (code: 405)
ERROR: 2024/11/30 05:31:09 logger.go:83: Error response: invalid JSON: invalid character 'i' looking for beginning of value (code: 400)
ERROR: 2024/11/30 05:31:09 logger.go:83: Error response: unsupported query type: unknown_type (code: 400)
ERROR: 2024/11/30 05:31:09 logger.go:83: Error response: empty query object (code: 400)
ERROR: 2024/11/30 05:31:09 logger.go:83: Error response: 'query' must be an object (code: 400)
ERROR: 2024/11/30 05:31:09 logger.go:83: Error response: failed to parse request body: EOF (code: 400)
ERROR: 2024/11/30 05:31:09 logger.go:83: Error response: failed to parse request body: EOF (code: 400)
ERROR: 2024/11/30 05:31:09 logger.go:83: Error response: failed to parse request body: EOF (code: 400)
ERROR: 2024/11/30 05:31:09 logger.go:83: Error response: failed to parse request body: EOF (code: 400)
ERROR: 2024/11/30 05:35:12 logger.go:83: Error response: method not allowed (code: 405)
ERROR: 2024/11/30 05:35:12 logger.go:83: Error response: invalid JSON in request body (code: 400)
ERROR: 2024/11/30 05:36:20 logger.go:83: Error response: method not allowed (code: 405)
ERROR: 2024/11/30 05:36:20 logger.go:83: Error response: invalid JSON in request body (code: 400)
ERROR: 2024/11/30 05:36:40 logger.go:83: Error response: method not allowed (code: 405)
ERROR: 2024/11/30 05:36:40 logger.go:83: Error response: invalid JSON in request body (code: 400)
ERROR: 2024/11/30 05:37:09 logger.go:83: Error response: method not allowed (code: 405)
ERROR: 2024/11/30 05:37:09 logger.go:83: Error response: invalid JSON in request body (code: 400)
ERROR: 2024/11/30 05:37:41 logger.go:83: Error response: method not allowed (code: 405)
ERROR: 2024/11/30 05:37:41 logger.go:83: Error response: invalid JSON in request body (code: 400)
ERROR: 2024/11/30 05:38:07 logger.go:83: Error response: method not allowed (code: 405)
ERROR: 2024/11/30 05:38:07 logger.go:83: Error response: invalid JSON in request body (code: 400)
ERROR: 2024/11/30 05:39:35 logger.go:83: Error response: method not allowed (code: 405)
ERROR: 2024/11/30 05:39:35 logger.go:83: Error response: invalid JSON in request body (code: 400)
ERROR: 2024/11/30 05:42:15 logger.go:83: Error response: method not allowed (code: 405)
ERROR: 2024/11/30 05:42:15 logger.go:83: Error response: invalid JSON in request body (code: 400)
ERROR: 2024/11/30 05:43:19 logger.go:83: Error response: method not allowed (code: 405)
ERROR: 2024/11/30 05:43:19 logger.go:83: Error response: invalid JSON in request body (code: 400)
ERROR: 2024/11/30 05:53:49 logger.go:83: Error response: method not allowed (code: 405)
ERROR: 2024/11/30 05:53:49 logger.go:83: Error response: invalid JSON in request body (code: 400)
ERROR: 2024/11/30 06:02:22 logger.go:83: Error response: method not allowed (code: 405)
ERROR: 2024/11/30 06:02:22 logger.go:83: Error response: invalid JSON in request body (code: 400)
ERROR: 2024/11/30 06:03:39 logger.go:83: Error response: method not allowed (code: 405)
ERROR: 2024/11/30 06:03:39 logger.go:83: Error response: invalid JSON in request body (code: 400)
ERROR: 2024/11/30 06:03:39 logger.go:83: Error response: method not allowed (code: 405)
ERROR: 2024/11/30 06:03:39 logger.go:83: Error response: invalid JSON in request body (code: 400)
ERROR: 2024/11/30 06:03:44 logger.go:83: Error response: method not allowed (code: 405)
ERROR: 2024/11/30 06:03:44 logger.go:83: Error response: invalid JSON in request body (code: 400)
ERROR: 2024/11/30 06:03:44 logger.go:83: Error response: method not allowed (code: 405)
ERROR: 2024/11/30 06:03:44 logger.go:83: Error response: invalid JSON in request body (code: 400)
ERROR: 2024/11/30 06:03:51 logger.go:83: Error response: method not allowed (code: 405)
ERROR: 2024/11/30 06:03:51 logger.go:83: Error response: invalid JSON in request body (code: 400)
ERROR: 2024/11/30 06:03:51 logger.go:83: Error response: method not allowed (code: 405)
ERROR: 2024/11/30 06:03:51 logger.go:83: Error response: invalid JSON in request body (code: 400)
ERROR: 2024/11/30 06:03:57 logger.go:83: Error response: method not allowed (code: 405)
ERROR: 2024/11/30 06:03:57 logger.go:83: Error response: invalid JSON in request body (code: 400)
ERROR: 2024/11/30 06:03:57 logger.go:83: Error response: method not allowed (code: 405)
ERROR: 2024/11/30 06:03:57 logger.go:83: Error response: invalid JSON in request body (code: 400)
ERROR: 2024/11/30 06:04:03 logger.go:83: Error response: method not allowed (code: 405)
ERROR: 2024/11/30 06:04:03 logger.go:83: Error response: invalid JSON in request body (code: 400)
ERROR: 2024/11/30 06:04:03 logger.go:83: Error response: method not allowed (code: 405)
ERROR: 2024/11/30 06:04:03 logger.go:83: Error response: invalid JSON in request body (code: 400)
ERROR: 2024/11/30 06:04:08 logger.go:83: Error response: method not allowed (code: 405)
ERROR: 2024/11/30 06:04:08 logger.go:83: Error response: invalid JSON in request body (code: 400)
ERROR: 2024/11/30 06:04:08 logger.go:83: Error response: method not allowed (code: 405)
ERROR: 2024/11/30 06:04:08 logger.go:83: Error response: invalid JSON in request body (code: 400)
ERROR: 2024/11/30 06:04:13 logger.go:83: Error response: method not allowed (code: 405)
ERROR: 2024/11/30 06:04:13 logger.go:83: Error response: invalid JSON in request body (code: 400)
ERROR: 2024/11/30 06:04:14 logger.go:83: Error response: method not allowed (code: 405)
ERROR: 2024/11/30 06:04:14 logger.go:83: Error response: invalid JSON in request body (code: 400)
ERROR: 2024/11/30 06:04:20 logger.go:83: Error response: method not allowed (code: 405)
ERROR: 2024/11/30 06:04:20 logger.go:83: Error response: invalid JSON in request body (code: 400)
ERROR: 2024/11/30 06:04:20 logger.go:83: Error response: method not allowed (code: 405)
ERROR: 2024/11/30 06:04:20 logger.go:83: Error response: invalid JSON in request body (code: 400)
ERROR: 2024/11/30 06:04:25 logger.go:83: Error response: method not allowed (code: 405)
ERROR: 2024/11/30 06:04:25 logger.go:83: Error response: invalid JSON in request body (code: 400)
ERROR: 2024/11/30 06:04:25 logger.go:83: Error response: method not allowed (code: 405)
ERROR: 2024/11/30 06:04:25 logger.go:83: Error response: invalid JSON in request body (code: 400)
ERROR: 2024/11/30 06:04:31 logger.go:83: Error response: method not allowed (code: 405)
ERROR: 2024/11/30 06:04:31 logger.go:83: Error response: invalid JSON in request body (code: 400)
ERROR: 2024/11/30 06:04:31 logger.go:83: Error response: method not allowed (code: 405)
ERROR: 2024/11/30 06:04:31 logger.go:83: Error response: invalid JSON in request body (code: 400)
ERROR: 2024/11/30 06:04:35 logger.go:83: Error response: method not allowed (code: 405)
ERROR: 2024/11/30 06:04:35 logger.go:83: Error response: invalid JSON in request body (code: 400)
ERROR: 2024/11/30 06:04:36 logger.go:83: Error response: method not allowed (code: 405)
ERROR: 2024/11/30 06:04:36 logger.go:83: Error response: invalid JSON in request body (code: 400)
ERROR: 2024/11/30 06:04:37 logger.go:83: Error response: method not allowed (code: 405)
ERROR: 2024/11/30 06:04:37 logger.go:83: Error response: invalid JSON in request body (code: 400)
ERROR: 2024/11/30 06:04:40 logger.go:83: Error response: method not allowed (code: 405)
ERROR: 2024/11/30 06:04:40 logger.go:83: Error response: invalid JSON in request body (code: 400)
ERROR: 2024/11/30 06:04:40 logger.go:83: Error response: method not allowed (code: 405)
ERROR: 2024/11/30 06:04:40 logger.go:83: Error response: invalid JSON in request body (code: 400)
ERROR: 2024/11/30 06:04:45 logger.go:83: Error response: method not allowed (code: 405)
ERROR: 2024/11/30 06:04:45 logger.go:83: Error response: invalid JSON in request body (code: 400)
ERROR: 2024/11/30 06:04:46 logger.go:83: Error response: method not allowed (code: 405)
ERROR: 2024/11/30 06:04:46 logger.go:83: Error response: invalid JSON in request body (code: 400)
ERROR: 2024/11/30 06:04:50 logger.go:83: Error response: method not allowed (code: 405)
ERROR: 2024/11/30 06:04:50 logger.go:83: Error response: invalid JSON in request body (code: 400)
ERROR: 2024/11/30 06:04:50 logger.go:83: Error response: method not allowed (code: 405)
ERROR: 2024/11/30 06:04:50 logger.go:83: Error response: invalid JSON in request body (code: 400)
ERROR: 2024/11/30 06:04:55 logger.go:83: Error response: method not allowed (code: 405)
ERROR: 2024/11/30 06:04:55 logger.go:83: Error response: invalid JSON in request body (code: 400)
ERROR: 2024/11/30 06:09:42 logger.go:83: Error response: method not allowed (code: 405)
ERROR: 2024/11/30 06:09:42 logger.go:83: Error response: invalid JSON in request body (code: 400)
ERROR: 2024/11/30 06:10:23 logger.go:83: Error response: method not allowed (code: 405)
ERROR: 2024/11/30 06:10:23 logger.go:83: Error response: invalid JSON in request body (code: 400)
ERROR: 2024/11/30 06:10:57 logger.go:83: Error response: method not allowed (code: 405)
ERROR: 2024/11/30 06:10:57 logger.go:83: Error response: invalid JSON in request body (code: 400)
ERROR: 2024/11/30 06:11:28 logger.go:83: Error response: method not allowed (code: 405)
ERROR: 2024/11/30 06:11:28 logger.go:83: Error response: invalid JSON in request body (code: 400)
ERROR: 2024/11/30 06:11:47 logger.go:83: Error response: method not allowed (code: 405)
ERROR: 2024/11/30 06:11:47 logger.go:83: Error response: invalid JSON in request body (code: 400)
ERROR: 2024/11/30 06:13:51 logger.go:83: Error response: method not allowed (code: 405)
ERROR: 2024/11/30 06:13:51 logger.go:83: Error response: invalid JSON in request body (code: 400)
ERROR: 2024/11/30 06:24:30 logger.go:83: Error response: method not allowed (code: 405)
ERROR: 2024/11/30 06:24:30 logger.go:83: Error response: invalid JSON in request body (code: 400)
ERROR: 2024/11/30 06:24:49 logger.go:83: Error response: method not allowed (code: 405)
ERROR: 2024/11/30 06:24:49 logger.go:83: Error response: invalid JSON in request body (code: 400)
ERROR: 2024/11/30 06:25:17 logger.go:83: Error response: method not allowed (code: 405)
ERROR: 2024/11/30 06:25:17 logger.go:83: Error response: invalid JSON in request body (code: 400)
ERROR: 2024/11/30 06:25:53 logger.go:83: Error response: method not allowed (code: 405)
ERROR: 2024/11/30 06:25:53 logger.go:83: Error response: invalid JSON in request body (code: 400)
ERROR: 2024/11/30 06:26:53 logger.go:83: Error response: method not allowed (code: 405)
ERROR: 2024/11/30 06:26:53 logger.go:83: Error response: invalid JSON in request body (code: 400)
ERROR: 2024/11/30 06:27:21 logger.go:83: Error response: method not allowed (code: 405)
ERROR: 2024/11/30 06:27:21 logger.go:83: Error response: invalid JSON in request body (code: 400)
ERROR: 2024/11/30 06:27:48 logger.go:83: Error response: method not allowed (code: 405)
ERROR: 2024/11/30 06:27:48 logger.go:83: Error response: invalid JSON in request body (code: 400)
ERROR: 2024/11/30 06:28:21 logger.go:83: Error response: method not allowed (code: 405)
ERROR: 2024/11/30 06:28:21 logger.go:83: Error response: invalid JSON in request body (code: 400)
ERROR: 2024/11/30 06:28:46 logger.go:83: Error response: method not allowed (code: 405)
ERROR: 2024/11/30 06:28:46 logger.go:83: Error response: invalid JSON in request body (code: 400)
ERROR: 2024/11/30 06:29:25 logger.go:83: Error response: method not allowed (code: 405)
ERROR: 2024/11/30 06:29:25 logger.go:83: Error response: invalid JSON in request body (code: 400)
ERROR: 2024/11/30 06:29:55 logger.go:83: Error response: method not allowed (code: 405)
ERROR: 2024/11/30 06:29:55 logger.go:83: Error response: invalid JSON in request body (code: 400)
ERROR: 2024/11/30 06:30:15 logger.go:83: Error response: method not allowed (code: 405)
ERROR: 2024/11/30 06:30:15 logger.go:83: Error response: invalid JSON in request body (code: 400)
ERROR: 2024/11/30 06:30:43 logger.go:83: Error response: method not allowed (code: 405)
ERROR: 2024/11/30 06:30:43 logger.go:83: Error response: invalid JSON in request body (code: 400)
ERROR: 2024/11/30 06:36:26 logger.go:83: Error response: method not allowed (code: 405)
ERROR: 2024/11/30 06:36:26 logger.go:83: Error response: invalid JSON in request body (code: 400)
ERROR: 2024/11/30 06:36:36 logger.go:83: Error response: method not allowed (code: 405)
ERROR: 2024/11/30 06:36:36 logger.go:83: Error response: invalid JSON in request body (code: 400)
ERROR: 2024/11/30 06:36:36 logger.go:83: Error response: method not allowed (code: 405)
ERROR: 2024/11/30 06:36:36 logger.go:83: Error response: invalid JSON in request body (code: 400)
ERROR: 2024/11/30 06:36:37 logger.go:83: Error response: method not allowed (code: 405)
ERROR: 2024/11/30 06:36:37 logger.go:83: Error response: invalid JSON in request body (code: 400)
ERROR: 2024/11/30 06:36:37 logger.go:83: Error response: method not allowed (code: 405)
ERROR: 2024/11/30 06:36:37 logger.go:83: Error response: invalid JSON in request body (code: 400)
ERROR: 2024/11/30 06:36:38 logger.go:83: Error response: method not allowed (code: 405)
ERROR: 2024/11/30 06:36:38 logger.go:83: Error response: invalid JSON in request body (code: 400)
ERROR: 2024/11/30 06:36:38 logger.go:83: Error response: method not allowed (code: 405)
ERROR: 2024/11/30 06:36:38 logger.go:83: Error response: invalid JSON in request body (code: 400)
ERROR: 2024/11/30 06:36:39 logger.go:83: Error response: method not allowed (code: 405)
ERROR: 2024/11/30 06:36:39 logger.go:83: Error response: invalid JSON in request body (code: 400)
ERROR: 2024/11/30 06:36:46 logger.go:83: Error response: method not allowed (code: 405)
ERROR: 2024/11/30 06:36:46 logger.go:83: Error response: invalid JSON in request body (code: 400)
ERROR: 2024/11/30 06:36:47 logger.go:83: Error response: method not allowed (code: 405)
ERROR: 2024/11/30 06:36:47 logger.go:83: Error response: invalid JSON in request body (code: 400)
ERROR: 2024/11/30 06:37:29 logger.go:83: Error response: method not allowed (code: 405)
ERROR: 2024/11/30 06:37:29 logger.go:83: Error response: invalid JSON in request body (code: 400)
ERROR: 2024/11/30 06:37:30 logger.go:83: Error response: method not allowed (code: 405)
ERROR: 2024/11/30 06:37:30 logger.go:83: Error response: invalid JSON in request body (code: 400)
ERROR: 2024/11/30 06:38:22 logger.go:83: Error response: method not allowed (code: 405)
ERROR: 2024/11/30 06:38:22 logger.go:83: Error response: invalid JSON in request body (code: 400)
ERROR: 2024/11/30 06:43:42 logger.go:83: Error response: method not allowed (code: 405)
ERROR: 2024/11/30 06:43:42 logger.go:83: Error response: invalid JSON in request body (code: 400)
ERROR: 2024/11/30 06:43:47 logger.go:83: Error response: method not allowed (code: 405)
ERROR: 2024/11/30 06:43:47 logger.go:83: Error response: invalid JSON in request body (code: 400)
ERROR: 2024/11/30 06:43:47 logger.go:83: Error response: method not allowed (code: 405)
ERROR: 2024/11/30 06:43:47 logger.go:83: Error response: invalid JSON in request body (code: 400)
ERROR: 2024/11/30 06:45:31 logger.go:83: Error response: method not allowed (code: 405)
ERROR: 2024/11/30 06:45:31 logger.go:83: Error response: invalid JSON in request body (code: 400)
ERROR: 2024/11/30 06:45:32 logger.go:83: Error response: method not allowed (code: 405)
ERROR: 2024/11/30 06:45:32 logger.go:83: Error response: invalid JSON in request body (code: 400)
ERROR: 2024/11/30 06:47:21 logger.go:83: Error response: method not allowed (code: 405)
ERROR: 2024/11/30 06:47:21 logger.go:83: Error response: invalid JSON in request body (code: 400)
ERROR: 2024/11/30 06:47:21 logger.go:83: Error response: method not allowed (code: 405)
ERROR: 2024/11/30 06:47:21 logger.go:83: Error response: invalid JSON in request body (code: 400)
ERROR: 2024/11/30 06:47:28 logger.go:83: Error response: method not allowed (code: 405)
ERROR: 2024/11/30 06:47:28 logger.go:83: Error response: invalid JSON in request body (code: 400)
ERROR: 2024/11/30 06:47:30 logger.go:83: Error response: method not allowed (code: 405)
ERROR: 2024/11/30 06:47:30 logger.go:83: Error response: invalid JSON in request body (code: 400)
ERROR: 2024/11/30 06:47:38 logger.go:83: Error response: method not allowed (code: 405)
ERROR: 2024/11/30 06:47:38 logger.go:83: Error response: invalid JSON in request body (code: 400)
ERROR: 2024/11/30 06:47:43 logger.go:83: Error response: method not allowed (code: 405)
ERROR: 2024/11/30 06:47:43 logger.go:83: Error response: invalid JSON in request body (code: 400)
ERROR: 2024/11/30 06:47:50 logger.go:83: Error response: method not allowed (code: 405)
ERROR: 2024/11/30 06:47:50 logger.go:83: Error response: invalid JSON in request body (code: 400)
ERROR: 2024/11/30 06:47:58 logger.go:83: Error response: method not allowed (code: 405)
ERROR: 2024/11/30 06:47:58 logger.go:83: Error response: invalid JSON in request body (code: 400)
ERROR: 2024/11/30 06:48:04 logger.go:83: Error response: method not allowed (code: 405)
ERROR: 2024/11/30 06:48:04 logger.go:83: Error response: invalid JSON in request body (code: 400)
ERROR: 2024/11/30 06:48:21 logger.go:83: Error response: method not allowed (code: 405)
ERROR: 2024/11/30 06:48:21 logger.go:83: Error response: invalid JSON in request body (code: 400)
ERROR: 2024/11/30 06:48:28 logger.go:83: Error response: method not allowed (code: 405)
ERROR: 2024/11/30 06:48:28 logger.go:83: Error response: invalid JSON in request body (code: 400)
ERROR: 2024/11/30 06:48:48 logger.go:83: Error response: method not allowed (code: 405)
ERROR: 2024/11/30 06:48:48 logger.go:83: Error response: invalid JSON in request body (code: 400)
ERROR: 2024/11/30 06:49:01 logger.go:83: Error response: method not allowed (code: 405)
ERROR: 2024/11/30 06:49:01 logger.go:83: Error response: invalid JSON in request body (code: 400)
ERROR: 2024/11/30 06:49:05 logger.go:83: Error response: method not allowed (code: 405)
ERROR: 2024/11/30 06:49:05 logger.go:83: Error response: invalid JSON in request body (code: 400)
ERROR: 2024/11/30 06:50:09 logger.go:83: Error response: method not allowed (code: 405)
ERROR: 2024/11/30 06:50:09 logger.go:83: Error response: invalid JSON in request body (code: 400)
ERROR: 2024/11/30 06:50:13 logger.go:83: Error response: method not allowed (code: 405)
ERROR: 2024/11/30 06:50:13 logger.go:83: Error response: invalid JSON in request body (code: 400)
ERROR: 2024/11/30 06:51:11 logger.go:83: Error response: method not allowed (code: 405)
ERROR: 2024/11/30 06:51:11 logger.go:83: Error response: invalid JSON in request body (code: 400)
ERROR: 2024/11/30 06:51:11 logger.go:83: Error response: method not allowed (code: 405)
ERROR: 2024/11/30 06:51:11 logger.go:83: Error response: invalid JSON in request body (code: 400)
ERROR: 2024/11/30 06:51:15 logger.go:83: Error response: method not allowed (code: 405)
ERROR: 2024/11/30 06:51:15 logger.go:83: Error response: invalid JSON in request body (code: 400)
ERROR: 2024/11/30 06:51:17 logger.go:83: Error response: method not allowed (code: 405)
ERROR: 2024/11/30 06:51:17 logger.go:83: Error response: invalid JSON in request body (code: 400)
ERROR: 2024/11/30 06:51:22 logger.go:83: Error response: method not allowed (code: 405)
ERROR: 2024/11/30 06:51:22 logger.go:83: Error response: invalid JSON in request body (code: 400)
ERROR: 2024/11/30 06:51:26 logger.go:83: Error response: method not allowed (code: 405)
ERROR: 2024/11/30 06:51:26 logger.go:83: Error response: invalid JSON in request body (code: 400)
ERROR: 2024/11/30 06:51:30 logger.go:83: Error response: method not allowed (code: 405)
ERROR: 2024/11/30 06:51:30 logger.go:83: Error response: invalid JSON in request body (code: 400)
ERROR: 2024/11/30 06:51:38 logger.go:83: Error response: method not allowed (code: 405)
ERROR: 2024/11/30 06:51:38 logger.go:83: Error response: invalid JSON in request body (code: 400)
ERROR: 2024/11/30 06:51:43 logger.go:83: Error response: method not allowed (code: 405)
ERROR: 2024/11/30 06:51:43 logger.go:83: Error response: invalid JSON in request body (code: 400)
ERROR: 2024/11/30 06:51:53 logger.go:83: Error response: method not allowed (code: 405)
ERROR: 2024/11/30 06:51:53 logger.go:83: Error response: invalid JSON in request body (code: 400)
ERROR: 2024/11/30 06:51:54 logger.go:83: Error response: method not allowed (code: 405)
ERROR: 2024/11/30 06:51:54 logger.go:83: Error response: invalid JSON in request body (code: 400)
ERROR: 2024/11/30 06:51:58 logger.go:83: Error response: method not allowed (code: 405)
ERROR: 2024/11/30 06:51:58 logger.go:83: Error response: invalid JSON in request body (code: 400)
ERROR: 2024/11/30 06:52:08 logger.go:83: Error response: method not allowed (code: 405)
ERROR: 2024/11/30 06:52:08 logger.go:83: Error response: invalid JSON in request body (code: 400)
ERROR: 2024/11/30 06:52:12 logger.go:83: Error response: method not allowed (code: 405)
ERROR: 2024/11/30 06:52:12 logger.go:83: Error response: invalid JSON in request body (code: 400)
ERROR: 2024/11/30 06:52:22 logger.go:83: Error response: method not allowed (code: 405)
ERROR: 2024/11/30 06:52:22 logger.go:83: Error response: invalid JSON in request body (code: 400)
ERROR: 2024/11/30 06:52:26 logger.go:83: Error response: method not allowed (code: 405)
ERROR: 2024/11/30 06:52:26 logger.go:83: Error response: invalid JSON in request body (code: 400)
ERROR: 2024/11/30 06:52:33 logger.go:83: Error response: method not allowed (code: 405)
ERROR: 2024/11/30 06:52:33 logger.go:83: Error response: invalid JSON in request body (code: 400)
ERROR: 2024/11/30 06:52:44 logger.go:83: Error response: method not allowed (code: 405)
ERROR: 2024/11/30 06:52:44 logger.go:83: Error response: invalid JSON in request body (code: 400)
ERROR: 2024/11/30 12:11:04 logger.go:83: Error response: method not allowed (code: 405)
ERROR: 2024/11/30 12:11:04 logger.go:83: Error response: invalid JSON in request body (code: 400)
ERROR: 2024/11/30 12:13:33 logger.go:83: Error response: method not allowed (code: 405)
ERROR: 2024/11/30 12:13:33 logger.go:83: Error response: invalid JSON in request body (code: 400)
ERROR: 2024/11/30 12:13:48 logger.go:83: Error response: method not allowed (code: 405)
ERROR: 2024/11/30 12:13:48 logger.go:83: Error response: invalid JSON in request body (code: 400)
ERROR: 2024/11/30 12:13:48 logger.go:83: Error response: method not allowed (code: 405)
ERROR: 2024/11/30 12:13:48 logger.go:83: Error response: invalid JSON in request body (code: 400)
ERROR: 2024/11/30 12:13:52 logger.go:83: Error response: method not allowed (code: 405)
ERROR: 2024/11/30 12:13:52 logger.go:83: Error response: invalid JSON in request body (code: 400)
ERROR: 2024/11/30 12:13:54 logger.go:83: Error response: method not allowed (code: 405)
ERROR: 2024/11/30 12:13:54 logger.go:83: Error response: invalid JSON in request body (code: 400)
ERROR: 2024/11/30 12:13:58 logger.go:83: Error response: method not allowed (code: 405)
ERROR: 2024/11/30 12:13:58 logger.go:83: Error response: invalid JSON in request body (code: 400)
ERROR: 2024/11/30 12:14:02 logger.go:83: Error response: method not allowed (code: 405)
ERROR: 2024/11/30 12:14:02 logger.go:83: Error response: invalid JSON in request body (code: 400)
ERROR: 2024/11/30 12:14:08 logger.go:83: Error response: method not allowed (code: 405)
ERROR: 2024/11/30 12:14:08 logger.go:83: Error response: invalid JSON in request body (code: 400)
ERROR: 2024/11/30 12:14:16 logger.go:83: Error response: method not allowed (code: 405)
ERROR: 2024/11/30 12:14:16 logger.go:83: Error response: invalid JSON in request body (code: 400)
ERROR: 2024/11/30 12:14:20 logger.go:83: Error response: method not allowed (code: 405)
ERROR: 2024/11/30 12:14:20 logger.go:83: Error response: invalid JSON in request body (code: 400)
ERROR: 2024/11/30 12:14:30 logger.go:83: Error response: method not allowed (code: 405)
ERROR: 2024/11/30 12:14:30 logger.go:83: Error response: invalid JSON in request body (code: 400)
ERROR: 2024/11/30 12:14:35 logger.go:83: Error response: method not allowed (code: 405)
ERROR: 2024/11/30 12:14:35 logger.go:83: Error response: invalid JSON in request body (code: 400)
